<?xml version="1.0" encoding="UTF-8"?>
<!-- Generated by org.testng.reporters.JUnitXMLReporter -->
<testsuite ignored="0" hostname="DESKTOP-BV6GRFS" failures="1" tests="3" name="AmazonCheckOut_Scenarion" time="4.776" errors="0" timestamp="2024-04-17T02:19:47 IST">
  <testcase classname="Maven.SeleniumFrameWork.TestComponent.CheckOutTest" name="@BeforeMethod initializeDriver" time="4.659">
    <failure type="org.openqa.selenium.SessionNotCreatedException" message="Could not start a new session. Response code 500. Message: session not created: This version of ChromeDriver only supports Chrome version 114
Current browser version is 123.0.6312.107 with binary path C:\Program Files\Google\Chrome\Application\chrome.exe 
Host info: host: &amp;apos;DESKTOP-BV6GRFS&amp;apos;, ip: &amp;apos;192.168.230.151&amp;apos;
Build info: version: &amp;apos;4.11.0&amp;apos;, revision: &amp;apos;040bc5406b&amp;apos;
System info: os.name: &amp;apos;Windows 10&amp;apos;, os.arch: &amp;apos;amd64&amp;apos;, os.version: &amp;apos;10.0&amp;apos;, java.version: &amp;apos;17.0.1&amp;apos;
Driver info: org.openqa.selenium.chrome.ChromeDriver
Command: [null, newSession {capabilities=[Capabilities {browserName: chrome, goog:chromeOptions: {args: [--remote-allow-origins=*], extensions: []}}]}]">
      <![CDATA[org.openqa.selenium.SessionNotCreatedException: Could not start a new session. Response code 500. Message: session not created: This version of ChromeDriver only supports Chrome version 114
Current browser version is 123.0.6312.107 with binary path C:\Program Files\Google\Chrome\Application\chrome.exe 
Host info: host: 'DESKTOP-BV6GRFS', ip: '192.168.230.151'
Build info: version: '4.11.0', revision: '040bc5406b'
System info: os.name: 'Windows 10', os.arch: 'amd64', os.version: '10.0', java.version: '17.0.1'
Driver info: org.openqa.selenium.chrome.ChromeDriver
Command: [null, newSession {capabilities=[Capabilities {browserName: chrome, goog:chromeOptions: {args: [--remote-allow-origins=*], extensions: []}}]}]
at org.openqa.selenium.remote.ProtocolHandshake.createSession(ProtocolHandshake.java:140)
at org.openqa.selenium.remote.ProtocolHandshake.createSession(ProtocolHandshake.java:96)
at org.openqa.selenium.remote.ProtocolHandshake.createSession(ProtocolHandshake.java:68)
at org.openqa.selenium.remote.HttpCommandExecutor.execute(HttpCommandExecutor.java:163)
at org.openqa.selenium.remote.service.DriverCommandExecutor.invokeExecute(DriverCommandExecutor.java:196)
at org.openqa.selenium.remote.service.DriverCommandExecutor.execute(DriverCommandExecutor.java:171)
at org.openqa.selenium.remote.RemoteWebDriver.execute(RemoteWebDriver.java:518)
at org.openqa.selenium.remote.RemoteWebDriver.startSession(RemoteWebDriver.java:232)
at org.openqa.selenium.remote.RemoteWebDriver.<init>(RemoteWebDriver.java:159)
at org.openqa.selenium.chromium.ChromiumDriver.<init>(ChromiumDriver.java:108)
at org.openqa.selenium.chrome.ChromeDriver.<init>(ChromeDriver.java:88)
at org.openqa.selenium.chrome.ChromeDriver.<init>(ChromeDriver.java:83)
at org.openqa.selenium.chrome.ChromeDriver.<init>(ChromeDriver.java:51)
at Maven.SeleniumFrameWork.TestComponent.CheckOutTest.initializeDriver(CheckOutTest.java:45)
at java.base/java.util.ArrayList.forEach(ArrayList.java:1511)
... Removed 31 stack frames]]>
    </failure>
  </testcase> <!-- @BeforeMethod initializeDriver -->
  <testcase classname="Maven.SeleniumFrameWork.TestComponent.CheckOutTest" name="@BeforeMethod initializeDriver" time="-1.713300587354E9">
    <skipped/>
  </testcase> <!-- @BeforeMethod initializeDriver -->
  <testcase classname="Maven.SeleniumFrameWork.TestComponent.CheckOutTest" name="addinItemToCart" time="0.0">
    <skipped/>
  </testcase> <!-- addinItemToCart -->
  <testcase classname="Maven.SeleniumFrameWork.TestComponent.CheckOutTest" name="changeShippingAddress" time="0.0">
    <failure type="org.testng.TestNGException" message="
Parameter &amp;apos;Area&amp;apos; is required by @Test on method changeShippingAddress but has not been marked @Optional or defined
in C:\Users\CHANDAN\eclipse-workspace\Amazon_Checkout\testng.xml">
      <![CDATA[org.testng.TestNGException: 
Parameter 'Area' is required by @Test on method changeShippingAddress but has not been marked @Optional or defined
in C:\Users\CHANDAN\eclipse-workspace\Amazon_Checkout\testng.xml
at java.base/java.util.ArrayList.forEach(ArrayList.java:1511)
... Removed 26 stack frames]]>
    </failure>
  </testcase> <!-- changeShippingAddress -->
  <testcase classname="Maven.SeleniumFrameWork.TestComponent.CheckOutTest" name="removingItemFromCart" time="0.001">
    <skipped/>
  </testcase> <!-- removingItemFromCart -->
</testsuite> <!-- AmazonCheckOut_Scenarion -->
