<?xml version="1.0" encoding="UTF-8"?>
<!-- Generated by org.testng.reporters.JUnitXMLReporter -->
<testsuite ignored="0" hostname="DESKTOP-BV6GRFS" failures="1" tests="3" name="TerminalCheck" time="106.36" errors="0" timestamp="2024-04-17T00:17:45 IST">
  <testcase classname="Maven.SeleniumFrameWork.TestComponent.CheckOutTest" name="addinItemToCart" time="28.368"/>
  <testcase classname="Maven.SeleniumFrameWork.TestComponent.CheckOutTest" name="changeShippingAddress" time="38.808">
    <failure type="org.openqa.selenium.ElementClickInterceptedException" message="element click intercepted: Element &amp;lt;span id=&amp;quot;nav-cart-count&amp;quot; aria-hidden=&amp;quot;true&amp;quot; class=&amp;quot;nav-cart-count nav-progressive-attribute nav-progressive-content nav-cart-1&amp;quot;&amp;gt;...&amp;lt;/span&amp;gt; is not clickable at point (1155, 21). Other element would receive the click: &amp;lt;div aria-live=&amp;quot;polite&amp;quot; class=&amp;quot;a-changeover puis-atcb-notification&amp;quot; style=&amp;quot;&amp;quot;&amp;gt;...&amp;lt;/div&amp;gt;
  (Session info: chrome=123.0.6312.107)
Build info: version: &amp;apos;4.11.0&amp;apos;, revision: &amp;apos;040bc5406b&amp;apos;
System info: os.name: &amp;apos;Windows 10&amp;apos;, os.arch: &amp;apos;amd64&amp;apos;, os.version: &amp;apos;10.0&amp;apos;, java.version: &amp;apos;17.0.1&amp;apos;
Driver info: org.openqa.selenium.chrome.ChromeDriver
Command: [f101bef1d07f728df7da8fe9204e4677, clickElement {id=f.5A358B7D3D6F2B18D9274129DA11C006.d.53B357D242A819BA9F27D8B9253BCE1B.e.438}]
Capabilities {acceptInsecureCerts: false, browserName: chrome, browserVersion: 123.0.6312.107, chrome: {chromedriverVersion: 123.0.6312.122 (31f8248cdd9..., userDataDir: C:\Users\CHANDAN\AppData\Lo...}, fedcm:accounts: true, goog:chromeOptions: {debuggerAddress: localhost:65058}, networkConnectionEnabled: false, pageLoadStrategy: normal, platformName: windows, proxy: Proxy(), se:cdp: ws://localhost:65058/devtoo..., se:cdpVersion: 123.0.6312.107, setWindowRect: true, strictFileInteractability: false, timeouts: {implicit: 0, pageLoad: 300000, script: 30000}, unhandledPromptBehavior: dismiss and notify, webauthn:extension:credBlob: true, webauthn:extension:largeBlob: true, webauthn:extension:minPinLength: true, webauthn:extension:prf: true, webauthn:virtualAuthenticators: true}
Element: [[ChromeDriver: chrome on windows (f101bef1d07f728df7da8fe9204e4677)] -&amp;gt; xpath: //span[@id=&amp;apos;nav-cart-count&amp;apos;]]
Session ID: f101bef1d07f728df7da8fe9204e4677">
      <![CDATA[org.openqa.selenium.ElementClickInterceptedException: element click intercepted: Element <span id="nav-cart-count" aria-hidden="true" class="nav-cart-count nav-progressive-attribute nav-progressive-content nav-cart-1">...</span> is not clickable at point (1155, 21). Other element would receive the click: <div aria-live="polite" class="a-changeover puis-atcb-notification" style="">...</div>
  (Session info: chrome=123.0.6312.107)
Build info: version: '4.11.0', revision: '040bc5406b'
System info: os.name: 'Windows 10', os.arch: 'amd64', os.version: '10.0', java.version: '17.0.1'
Driver info: org.openqa.selenium.chrome.ChromeDriver
Command: [f101bef1d07f728df7da8fe9204e4677, clickElement {id=f.5A358B7D3D6F2B18D9274129DA11C006.d.53B357D242A819BA9F27D8B9253BCE1B.e.438}]
Capabilities {acceptInsecureCerts: false, browserName: chrome, browserVersion: 123.0.6312.107, chrome: {chromedriverVersion: 123.0.6312.122 (31f8248cdd9..., userDataDir: C:\Users\CHANDAN\AppData\Lo...}, fedcm:accounts: true, goog:chromeOptions: {debuggerAddress: localhost:65058}, networkConnectionEnabled: false, pageLoadStrategy: normal, platformName: windows, proxy: Proxy(), se:cdp: ws://localhost:65058/devtoo..., se:cdpVersion: 123.0.6312.107, setWindowRect: true, strictFileInteractability: false, timeouts: {implicit: 0, pageLoad: 300000, script: 30000}, unhandledPromptBehavior: dismiss and notify, webauthn:extension:credBlob: true, webauthn:extension:largeBlob: true, webauthn:extension:minPinLength: true, webauthn:extension:prf: true, webauthn:virtualAuthenticators: true}
Element: [[ChromeDriver: chrome on windows (f101bef1d07f728df7da8fe9204e4677)] -> xpath: //span[@id='nav-cart-count']]
Session ID: f101bef1d07f728df7da8fe9204e4677
at org.openqa.selenium.remote.codec.w3c.W3CHttpResponseCodec.createException(W3CHttpResponseCodec.java:200)
at org.openqa.selenium.remote.codec.w3c.W3CHttpResponseCodec.decode(W3CHttpResponseCodec.java:133)
at org.openqa.selenium.remote.codec.w3c.W3CHttpResponseCodec.decode(W3CHttpResponseCodec.java:52)
at org.openqa.selenium.remote.HttpCommandExecutor.execute(HttpCommandExecutor.java:191)
at org.openqa.selenium.remote.service.DriverCommandExecutor.invokeExecute(DriverCommandExecutor.java:196)
at org.openqa.selenium.remote.service.DriverCommandExecutor.execute(DriverCommandExecutor.java:171)
at org.openqa.selenium.remote.RemoteWebDriver.execute(RemoteWebDriver.java:518)
at org.openqa.selenium.remote.RemoteWebElement.execute(RemoteWebElement.java:224)
at org.openqa.selenium.remote.RemoteWebElement.click(RemoteWebElement.java:77)
at Maven.SeleniumFrameWork.TestComponent.CheckOutTest.changeShippingAddress(CheckOutTest.java:131)
at java.base/java.util.ArrayList.forEach(ArrayList.java:1511)
... Removed 32 stack frames]]>
    </failure>
  </testcase> <!-- changeShippingAddress -->
  <testcase classname="Maven.SeleniumFrameWork.TestComponent.CheckOutTest" name="removingItemFromCart" time="33.398"/>
</testsuite> <!-- TerminalCheck -->
